<?xml version="1.0" encoding="UTF-8"?>
<!-- Generated by org.testng.reporters.JUnitReportReporter -->
<testsuite skipped="0" hostname="SomeswaraReddy" name="HotelBookingTest" tests="1" failures="0" timestamp="25 May 2019 17:57:49 GMT" time="50.261" errors="0">
  <testcase name="shouldBeAbleToSearchForHotels" time="50.261" classname="HotelBookingTest"/>
</testsuite> <!-- HotelBookingTest -->
