<?xml version="1.0" encoding="UTF-8"?>
<!-- Generated by org.testng.reporters.JUnitReportReporter -->
<testsuite skipped="0" hostname="SomeswaraReddy" name="SignInTest" tests="1" failures="0" timestamp="25 May 2019 17:57:49 GMT" time="31.277" errors="0">
  <testcase name="shouldThrowAnErrorIfSignInDetailsAreMissing" time="31.277" classname="SignInTest"/>
</testsuite> <!-- SignInTest -->
